2025-07-16 20:43:16,259 - feedback_processor - INFO - ✅ Redis connection established
2025-07-16 20:43:16,261 - relevance_calculator - INFO - ✅ Relevance calculator initialized
2025-07-16 20:43:16,263 - tag_index_manager - INFO - ✅ Tag index manager initialized
2025-07-16 20:43:16,263 - feedback_processor - INFO - ✅ Processing components initialized
2025-07-16 20:43:16,264 - feedback_processor - INFO - 📌 Consumer group already exists for CC
2025-07-16 20:43:16,264 - feedback_processor - INFO - 📌 Consumer group already exists for CCD
2025-07-16 20:43:16,265 - feedback_processor - INFO - 📌 Consumer group already exists for CCI
2025-07-16 20:43:16,265 - feedback_processor - INFO - 🚀 Feedback processor initialized: feedback_processor_1752716596
2025-07-16 20:43:16,267 - feedback_processor - INFO - 🔄 Starting feedback event processing...
2025-07-16 20:43:42,801 - feedback_processor - INFO - 🧠 Thought created: CCI:1ace61db-6d56-4973-a0c4-d0c65ae03ff6 (importance: 5)
2025-07-16 20:43:42,802 - feedback_processor - ERROR - ❌ Error processing thought creation: WRONGTYPE Operation against a key holding the wrong kind of value
2025-07-16 20:43:42,802 - feedback_processor - ERROR - ❌ Error processing single message: WRONGTYPE Operation against a key holding the wrong kind of value
2025-07-16 20:43:42,802 - feedback_processor - ERROR - ❌ Error processing message 1752716622268-0: WRONGTYPE Operation against a key holding the wrong kind of value
2025-07-16 20:43:45,859 - feedback_processor - INFO - 📥 Found 1 pending messages in CCI:feedback_events
2025-07-16 20:43:45,859 - feedback_processor - INFO - 🧠 Thought created: CCI:1ace61db-6d56-4973-a0c4-d0c65ae03ff6 (importance: 5)
2025-07-16 20:43:45,860 - feedback_processor - ERROR - ❌ Error processing thought creation: WRONGTYPE Operation against a key holding the wrong kind of value
2025-07-16 20:43:45,860 - feedback_processor - ERROR - ❌ Error processing single message: WRONGTYPE Operation against a key holding the wrong kind of value
2025-07-16 20:43:45,860 - feedback_processor - ERROR - ❌ Error processing message 1752716622268-0: WRONGTYPE Operation against a key holding the wrong kind of value
2025-07-16 20:43:49,932 - feedback_processor - INFO - 📥 Found 1 pending messages in CCI:feedback_events
2025-07-16 20:43:49,932 - feedback_processor - INFO - 🧠 Thought created: CCI:1ace61db-6d56-4973-a0c4-d0c65ae03ff6 (importance: 5)
2025-07-16 20:43:49,933 - feedback_processor - ERROR - ❌ Error processing thought creation: WRONGTYPE Operation against a key holding the wrong kind of value
2025-07-16 20:43:49,933 - feedback_processor - ERROR - ❌ Error processing single message: WRONGTYPE Operation against a key holding the wrong kind of value
2025-07-16 20:43:49,933 - feedback_processor - ERROR - ❌ Error processing message 1752716622268-0: WRONGTYPE Operation against a key holding the wrong kind of value
2025-07-16 20:43:49,934 - feedback_processor - INFO - 🧠 Thought created: CCI:b7c8e243-20fd-42da-a6ab-58f028375326 (importance: 5)
2025-07-16 20:43:49,935 - feedback_processor - ERROR - ❌ Error processing thought creation: WRONGTYPE Operation against a key holding the wrong kind of value
2025-07-16 20:43:49,935 - feedback_processor - ERROR - ❌ Error processing single message: WRONGTYPE Operation against a key holding the wrong kind of value
2025-07-16 20:43:49,935 - feedback_processor - ERROR - ❌ Error processing message 1752716628654-0: WRONGTYPE Operation against a key holding the wrong kind of value
2025-07-16 20:43:52,988 - feedback_processor - INFO - 📥 Found 2 pending messages in CCI:feedback_events
2025-07-16 20:43:52,988 - feedback_processor - INFO - 🧠 Thought created: CCI:1ace61db-6d56-4973-a0c4-d0c65ae03ff6 (importance: 5)
2025-07-16 20:43:52,989 - feedback_processor - ERROR - ❌ Error processing thought creation: WRONGTYPE Operation against a key holding the wrong kind of value
2025-07-16 20:43:52,989 - feedback_processor - ERROR - ❌ Error processing single message: WRONGTYPE Operation against a key holding the wrong kind of value
2025-07-16 20:43:52,989 - feedback_processor - ERROR - ❌ Error processing message 1752716622268-0: WRONGTYPE Operation against a key holding the wrong kind of value
2025-07-16 20:43:52,990 - feedback_processor - INFO - 🧠 Thought created: CCI:b7c8e243-20fd-42da-a6ab-58f028375326 (importance: 5)
2025-07-16 20:43:52,990 - feedback_processor - ERROR - ❌ Error processing thought creation: WRONGTYPE Operation against a key holding the wrong kind of value
2025-07-16 20:43:52,990 - feedback_processor - ERROR - ❌ Error processing single message: WRONGTYPE Operation against a key holding the wrong kind of value
2025-07-16 20:43:52,990 - feedback_processor - ERROR - ❌ Error processing message 1752716628654-0: WRONGTYPE Operation against a key holding the wrong kind of value
2025-07-16 20:43:57,062 - feedback_processor - INFO - 📥 Found 2 pending messages in CCI:feedback_events
2025-07-16 20:43:57,062 - feedback_processor - INFO - 🧠 Thought created: CCI:1ace61db-6d56-4973-a0c4-d0c65ae03ff6 (importance: 5)
2025-07-16 20:43:57,062 - feedback_processor - ERROR - ❌ Error processing thought creation: WRONGTYPE Operation against a key holding the wrong kind of value
2025-07-16 20:43:57,063 - feedback_processor - ERROR - ❌ Error processing single message: WRONGTYPE Operation against a key holding the wrong kind of value
2025-07-16 20:43:57,063 - feedback_processor - ERROR - ❌ Error processing message 1752716622268-0: WRONGTYPE Operation against a key holding the wrong kind of value
2025-07-16 20:43:57,063 - feedback_processor - INFO - 🧠 Thought created: CCI:b7c8e243-20fd-42da-a6ab-58f028375326 (importance: 5)
2025-07-16 20:43:57,063 - feedback_processor - ERROR - ❌ Error processing thought creation: WRONGTYPE Operation against a key holding the wrong kind of value
2025-07-16 20:43:57,063 - feedback_processor - ERROR - ❌ Error processing single message: WRONGTYPE Operation against a key holding the wrong kind of value
2025-07-16 20:43:57,063 - feedback_processor - ERROR - ❌ Error processing message 1752716628654-0: WRONGTYPE Operation against a key holding the wrong kind of value
2025-07-16 20:43:57,064 - feedback_processor - INFO - 🧠 Thought created: CCI:0f8fee61-afd5-4c92-a6a4-c9f3c96aef73 (importance: 5)
2025-07-16 20:43:57,065 - feedback_processor - ERROR - ❌ Error processing thought creation: WRONGTYPE Operation against a key holding the wrong kind of value
2025-07-16 20:43:57,065 - feedback_processor - ERROR - ❌ Error processing single message: WRONGTYPE Operation against a key holding the wrong kind of value
2025-07-16 20:43:57,065 - feedback_processor - ERROR - ❌ Error processing message 1752716634540-0: WRONGTYPE Operation against a key holding the wrong kind of value
2025-07-16 20:43:58,443 - feedback_processor - INFO - 🧠 Thought created: CC:1c768247-3340-4de0-8b59-06ca88ef5bf1 (importance: 5)
2025-07-16 20:43:58,444 - feedback_processor - ERROR - ❌ Error processing thought creation: WRONGTYPE Operation against a key holding the wrong kind of value
2025-07-16 20:43:58,444 - feedback_processor - ERROR - ❌ Error processing single message: WRONGTYPE Operation against a key holding the wrong kind of value
2025-07-16 20:43:58,444 - feedback_processor - ERROR - ❌ Error processing message 1752716638443-0: WRONGTYPE Operation against a key holding the wrong kind of value
2025-07-16 20:43:59,505 - feedback_processor - INFO - 📥 Found 3 pending messages in CCI:feedback_events
2025-07-16 20:43:59,506 - feedback_processor - INFO - 🧠 Thought created: CCI:1ace61db-6d56-4973-a0c4-d0c65ae03ff6 (importance: 5)
2025-07-16 20:43:59,506 - feedback_processor - ERROR - ❌ Error processing thought creation: WRONGTYPE Operation against a key holding the wrong kind of value
2025-07-16 20:43:59,507 - feedback_processor - ERROR - ❌ Error processing single message: WRONGTYPE Operation against a key holding the wrong kind of value
2025-07-16 20:43:59,507 - feedback_processor - ERROR - ❌ Error processing message 1752716622268-0: WRONGTYPE Operation against a key holding the wrong kind of value
2025-07-16 20:43:59,507 - feedback_processor - INFO - 🧠 Thought created: CCI:b7c8e243-20fd-42da-a6ab-58f028375326 (importance: 5)
2025-07-16 20:43:59,508 - feedback_processor - ERROR - ❌ Error processing thought creation: WRONGTYPE Operation against a key holding the wrong kind of value
2025-07-16 20:43:59,508 - feedback_processor - ERROR - ❌ Error processing single message: WRONGTYPE Operation against a key holding the wrong kind of value
2025-07-16 20:43:59,508 - feedback_processor - ERROR - ❌ Error processing message 1752716628654-0: WRONGTYPE Operation against a key holding the wrong kind of value
2025-07-16 20:43:59,508 - feedback_processor - INFO - 🧠 Thought created: CCI:0f8fee61-afd5-4c92-a6a4-c9f3c96aef73 (importance: 5)
2025-07-16 20:43:59,509 - feedback_processor - ERROR - ❌ Error processing thought creation: WRONGTYPE Operation against a key holding the wrong kind of value
2025-07-16 20:43:59,509 - feedback_processor - ERROR - ❌ Error processing single message: WRONGTYPE Operation against a key holding the wrong kind of value
2025-07-16 20:43:59,509 - feedback_processor - ERROR - ❌ Error processing message 1752716634540-0: WRONGTYPE Operation against a key holding the wrong kind of value
2025-07-16 20:44:01,525 - feedback_processor - INFO - 📥 Found 1 pending messages in CC:feedback_events
2025-07-16 20:44:01,525 - feedback_processor - INFO - 🧠 Thought created: CC:1c768247-3340-4de0-8b59-06ca88ef5bf1 (importance: 5)
2025-07-16 20:44:01,526 - feedback_processor - ERROR - ❌ Error processing thought creation: WRONGTYPE Operation against a key holding the wrong kind of value
2025-07-16 20:44:01,527 - feedback_processor - ERROR - ❌ Error processing single message: WRONGTYPE Operation against a key holding the wrong kind of value
2025-07-16 20:44:01,527 - feedback_processor - ERROR - ❌ Error processing message 1752716638443-0: WRONGTYPE Operation against a key holding the wrong kind of value
2025-07-16 20:44:03,573 - feedback_processor - INFO - 📥 Found 3 pending messages in CCI:feedback_events
2025-07-16 20:44:03,573 - feedback_processor - INFO - 🧠 Thought created: CCI:1ace61db-6d56-4973-a0c4-d0c65ae03ff6 (importance: 5)
2025-07-16 20:44:03,574 - feedback_processor - ERROR - ❌ Error processing thought creation: WRONGTYPE Operation against a key holding the wrong kind of value
2025-07-16 20:44:03,574 - feedback_processor - ERROR - ❌ Error processing single message: WRONGTYPE Operation against a key holding the wrong kind of value
2025-07-16 20:44:03,574 - feedback_processor - ERROR - ❌ Error processing message 1752716622268-0: WRONGTYPE Operation against a key holding the wrong kind of value
2025-07-16 20:44:03,575 - feedback_processor - INFO - 🧠 Thought created: CCI:b7c8e243-20fd-42da-a6ab-58f028375326 (importance: 5)
2025-07-16 20:44:03,575 - feedback_processor - ERROR - ❌ Error processing thought creation: WRONGTYPE Operation against a key holding the wrong kind of value
2025-07-16 20:44:03,575 - feedback_processor - ERROR - ❌ Error processing single message: WRONGTYPE Operation against a key holding the wrong kind of value
2025-07-16 20:44:03,575 - feedback_processor - ERROR - ❌ Error processing message 1752716628654-0: WRONGTYPE Operation against a key holding the wrong kind of value
2025-07-16 20:44:03,575 - feedback_processor - INFO - 🧠 Thought created: CCI:0f8fee61-afd5-4c92-a6a4-c9f3c96aef73 (importance: 5)
2025-07-16 20:44:03,576 - feedback_processor - ERROR - ❌ Error processing thought creation: WRONGTYPE Operation against a key holding the wrong kind of value
2025-07-16 20:44:03,576 - feedback_processor - ERROR - ❌ Error processing single message: WRONGTYPE Operation against a key holding the wrong kind of value
2025-07-16 20:44:03,576 - feedback_processor - ERROR - ❌ Error processing message 1752716634540-0: WRONGTYPE Operation against a key holding the wrong kind of value
2025-07-16 20:44:05,592 - feedback_processor - INFO - 📥 Found 1 pending messages in CC:feedback_events
2025-07-16 20:44:05,592 - feedback_processor - INFO - 🧠 Thought created: CC:1c768247-3340-4de0-8b59-06ca88ef5bf1 (importance: 5)
2025-07-16 20:44:05,593 - feedback_processor - ERROR - ❌ Error processing thought creation: WRONGTYPE Operation against a key holding the wrong kind of value
2025-07-16 20:44:05,593 - feedback_processor - ERROR - ❌ Error processing single message: WRONGTYPE Operation against a key holding the wrong kind of value
2025-07-16 20:44:05,593 - feedback_processor - ERROR - ❌ Error processing message 1752716638443-0: WRONGTYPE Operation against a key holding the wrong kind of value
2025-07-16 20:44:07,647 - feedback_processor - INFO - 🛑 Feedback processor stopped
2025-07-16 20:44:07,648 - feedback_processor - INFO - 📥 Found 3 pending messages in CCI:feedback_events
2025-07-16 20:44:07,648 - feedback_processor - INFO - 🧠 Thought created: CCI:1ace61db-6d56-4973-a0c4-d0c65ae03ff6 (importance: 5)
2025-07-16 20:44:07,649 - feedback_processor - ERROR - ❌ Error processing thought creation: WRONGTYPE Operation against a key holding the wrong kind of value
2025-07-16 20:44:07,649 - feedback_processor - ERROR - ❌ Error processing single message: WRONGTYPE Operation against a key holding the wrong kind of value
2025-07-16 20:44:07,649 - feedback_processor - ERROR - ❌ Error processing message 1752716622268-0: WRONGTYPE Operation against a key holding the wrong kind of value
2025-07-16 20:44:07,649 - feedback_processor - INFO - 🧠 Thought created: CCI:b7c8e243-20fd-42da-a6ab-58f028375326 (importance: 5)
2025-07-16 20:44:07,650 - feedback_processor - ERROR - ❌ Error processing thought creation: WRONGTYPE Operation against a key holding the wrong kind of value
2025-07-16 20:44:07,650 - feedback_processor - ERROR - ❌ Error processing single message: WRONGTYPE Operation against a key holding the wrong kind of value
2025-07-16 20:44:07,650 - feedback_processor - ERROR - ❌ Error processing message 1752716628654-0: WRONGTYPE Operation against a key holding the wrong kind of value
2025-07-16 20:44:07,650 - feedback_processor - INFO - 🧠 Thought created: CCI:0f8fee61-afd5-4c92-a6a4-c9f3c96aef73 (importance: 5)
2025-07-16 20:44:07,651 - feedback_processor - ERROR - ❌ Error processing thought creation: WRONGTYPE Operation against a key holding the wrong kind of value
2025-07-16 20:44:07,651 - feedback_processor - ERROR - ❌ Error processing single message: WRONGTYPE Operation against a key holding the wrong kind of value
2025-07-16 20:44:07,651 - feedback_processor - ERROR - ❌ Error processing message 1752716634540-0: WRONGTYPE Operation against a key holding the wrong kind of value
2025-07-16 20:44:08,676 - feedback_processor - ERROR - ❌ Error reading new messages from CCI:feedback_events: Connection closed by server.
🚀 Starting Feedback Processing Service...
✅ Redis connection established
✅ Feedback service started successfully
   Press Ctrl+C to stop
📊 Processed: 0, Failed: 0, Uptime: 0s

🛑 Received signal 15
🛑 Stopping feedback service...
✅ Feedback service stopped
